Game 1 log started: 19/11/2015  11:16:10 AM

GMeurope.xml

GI001START

GP21

D1Dp

D1Dn

D1Dy

D1De

Spnrgb

D1M003121

D1M283005152306182209

D2Dg

D2Dr

D2Dr

D2Dw

D2M033820

D2M011910092609273906

E003121182209

E12

E033820011910

E22

Game round: 1

GT13000

D1Db

D1Dg

T12998

GT23000

D2Dr

D2Dp

T22994

Game round: 2

GT12998

D1Dn

D1Dn

T12996

GT22994

D2Dn

D2Dy

T22988

Game round: 3

GT12996

D1Do

D1Dw

T12994

GT22988

D2Dw

D2Do

T22980

Game round: 4

GT12994

D1Dg

D1Dr

T12992

GT22980

D2Dy

D2Dn

T22975

Game round: 5

GT12992

D1Dy

D1Dn

T12990

GT22975

D2Dn

D2Db

T22969

Game round: 6

GT12990

D1Dg

D1Db

T12986

GT22969

D2De

D2Db

T22963

Game round: 7

GT12986

D1De

D1Dr

T12984

GT22963

D2Dp

D2Dr

T22957

Game round: 8

GT12984

D1Dr

D1Do

T12982

GT22957

D2Dn

D2Dp

T22951

Game round: 9

GT12982

D1Dy

D1Dw

T12980

GT22951

D2Do

D2Dw

T22946

Game round: 10

GT12980

D1De

D1Do

T12978

GT22946

D2Do

D2De

T22940

Game round: 11

GT12978

C1C1813n0300

T12977

GT22940

C2C1928r0100

T22936

Game round: 12

GT12977

C1C1914o0300

T12866

GT22936

C2C0100n0400

T22931

Game round: 13

GT12866

C1T4645r0300

C1D1oeo

C1P

T12685

GT22931

C2C2029r0300

T22876

Game round: 14

GT12685

C1C1309b0200

T12560

GT22876

C2C0203o0200

T22854

Game round: 15

GT12560

C1T1415y0200

C1D0wbw

C1C1415y0200

T12282

GT22854

C2C1310w0300

T22722

Game round: 16

GT12282

C1C0809n0100

T12205

GT22722

C2C0706b0200

T22630

Game round: 17

GT12205

C1C4443g0200

T11930

GT22630

C2C0910y0200

T22009

Game round: 18

GT11930

C1T4645r0300

C1D1oey

C1P

T11176

GT22009

T20

Game round: 19

GT11176

C1C2223w0200

T1520

GT20

T20

Game round: 20

GT1520

T10

GIE

GS1M-11

GS1E17

GS1S12

GS1P10

GS1T28

GS2M-15

GS2E22

GS2S12

GS2P0

GS2T19
