Log started: 2/16/2011  8:08:48 PM

2/16/2011  8:08:48 PM: "D:\tickettoride-framework-r6\tickettoride-framework-r6\c++\server\windows\TTRCServer.exe" 
---------------------------------------------

2/16/2011  9:21:30 PM: "D:\tickettoride-framework-r6\tickettoride-framework-r6\c++\server\windows\TTRCServer.exe" 
---------------------------------------------

19-Oct-15  11:21:06 AM: "C:\Users\Elvis\Desktop\tickettoride-framework-r6\tickettoride-framework-r6\tickettoride-framework-r6\c++\server\windows\TTRCServer.exe" 
---------------------------------------------

29/10/2015  11:35:43 a.m.: "I:\COURSES\EAD\AITEIT3\BITY2\IN613 C++ Games\Tickets to Ride\tickettoride-framework-r6\c++\server\windows\TTRCServer.exe" 
---------------------------------------------

16/11/2015  2:43:18 PM: "C:\Users\Mr Nobody\Desktop\Tickets to Ride\tickettoride-framework-r6\c++\server\windows\TTRCServer.exe" 
---------------------------------------------

16/11/2015  3:12:51 PM: "C:\Users\Mr Nobody\Desktop\Tickets to Ride\tickettoride-framework-r6\c++\server\windows\TTRCServer.exe" 
---------------------------------------------

16/11/2015  3:13:11 PM: "C:\Users\Mr Nobody\Desktop\Tickets to Ride\tickettoride-framework-r6\c++\server\windows\TTRCServer.exe" 
---------------------------------------------

16/11/2015  3:13:38 PM: "C:\Users\Mr Nobody\Desktop\Tickets to Ride\tickettoride-framework-r6\c++\server\windows\TTRCServer.exe" 
---------------------------------------------

16/11/2015  3:14:33 PM: "C:\Users\Mr Nobody\Desktop\Tickets to Ride\tickettoride-framework-r6\c++\server\windows\TTRCServer.exe" 
---------------------------------------------

16/11/2015  3:20:55 PM: "C:\Users\Mr Nobody\Desktop\Tickets to Ride\tickettoride-framework-r6\c++\server\windows\TTRCServer.exe" 
---------------------------------------------

16/11/2015  4:46:40 PM: "C:\Users\Mr Nobody\Desktop\Tickets to Ride\tickettoride-framework-r6\c++\server\windows\TTRCServer.exe" 
---------------------------------------------

19/11/2015  11:03:19 AM: "C:\Users\Mr Nobody\Desktop\Tickets to Ride - Final\tickettoride-framework-r6\c++\server\windows\TTRCServer.exe" 
---------------------------------------------

19/11/2015  11:04:45 AM: "C:\Users\Mr Nobody\Desktop\Tickets to Ride - Final\tickettoride-framework-r6\c++\server\windows\TTRCServer.exe" 
---------------------------------------------

19/11/2015  11:13:54 AM: "C:\Users\Mr Nobody\Desktop\Tickets to Ride - Final\tickettoride-framework-r6\c++\server\windows\TTRCServer.exe" 
---------------------------------------------
