Log started: 2/16/2011  8:13:01 PM

2/16/2011  8:13:01 PM: Socket Error # 10054
Connection reset by peer.
---------------------------------------------

2/16/2011  8:17:39 PM: Socket Error # 10054
Connection reset by peer.
---------------------------------------------

2/16/2011  8:17:39 PM: Socket Error # 10054
Connection reset by peer.
---------------------------------------------

2/16/2011  9:22:40 PM: Socket Error # 10054
Connection reset by peer.
---------------------------------------------

2/16/2011  9:22:50 PM: Socket Error # 10054
Connection reset by peer.
---------------------------------------------

2/16/2011  9:23:40 PM: Socket Error # 10054
Connection reset by peer.
---------------------------------------------

2/16/2011  9:23:40 PM: Socket Error # 10054
Connection reset by peer.
---------------------------------------------

2/16/2011  10:36:31 PM: Socket Error # 10054
Connection reset by peer.
---------------------------------------------

2/16/2011  10:37:18 PM: Socket Error # 10054
Connection reset by peer.
---------------------------------------------

2/16/2011  10:37:18 PM: Socket Error # 10054
Connection reset by peer.
---------------------------------------------

2/16/2011  10:37:48 PM: Socket Error # 10054
Connection reset by peer.
---------------------------------------------

2/16/2011  10:37:48 PM: Socket Error # 10054
Connection reset by peer.
---------------------------------------------

2/16/2011  10:39:21 PM: Socket Error # 10054
Connection reset by peer.
---------------------------------------------

2/16/2011  10:39:21 PM: Socket Error # 10054
Connection reset by peer.
---------------------------------------------

2/16/2011  10:55:13 PM: Socket Error # 10054
Connection reset by peer.
---------------------------------------------

2/16/2011  10:55:13 PM: Socket Error # 10054
Connection reset by peer.
---------------------------------------------

2/16/2011  10:59:18 PM: Socket Error # 10054
Connection reset by peer.
---------------------------------------------

2/16/2011  10:59:18 PM: Socket Error # 10054
Connection reset by peer.
---------------------------------------------

2/16/2011  11:00:38 PM: Socket Error # 10054
Connection reset by peer.
---------------------------------------------

2/16/2011  11:00:38 PM: Socket Error # 10054
Connection reset by peer.
---------------------------------------------

2/16/2011  11:01:47 PM: Socket Error # 10054
Connection reset by peer.
---------------------------------------------

2/16/2011  11:01:47 PM: Socket Error # 10054
Connection reset by peer.
---------------------------------------------

2/16/2011  11:02:16 PM: Socket Error # 10054
Connection reset by peer.
---------------------------------------------

2/16/2011  11:02:16 PM: Socket Error # 10054
Connection reset by peer.
---------------------------------------------

2/16/2011  11:02:50 PM: Socket Error # 10054
Connection reset by peer.
---------------------------------------------

2/16/2011  11:02:50 PM: Socket Error # 10054
Connection reset by peer.
---------------------------------------------

2/16/2011  11:03:50 PM: Socket Error # 10054
Connection reset by peer.
---------------------------------------------

2/16/2011  11:03:50 PM: Socket Error # 10054
Connection reset by peer.
---------------------------------------------

2/16/2011  11:06:18 PM: Socket Error # 10054
Connection reset by peer.
---------------------------------------------

2/16/2011  11:06:18 PM: Socket Error # 10054
Connection reset by peer.
---------------------------------------------

2/16/2011  11:06:56 PM: Socket Error # 10054
Connection reset by peer.
---------------------------------------------

2/16/2011  11:10:03 PM: Socket Error # 10054
Connection reset by peer.
---------------------------------------------

2/16/2011  11:10:38 PM: Socket Error # 10054
Connection reset by peer.
---------------------------------------------

2/16/2011  11:10:38 PM: Socket Error # 10054
Connection reset by peer.
---------------------------------------------

2/16/2011  11:12:06 PM: Socket Error # 10054
Connection reset by peer.
---------------------------------------------

2/16/2011  11:12:06 PM: Socket Error # 10054
Connection reset by peer.
---------------------------------------------

2/16/2011  11:14:17 PM: Socket Error # 10054
Connection reset by peer.
---------------------------------------------

2/16/2011  11:14:17 PM: Socket Error # 10054
Connection reset by peer.
---------------------------------------------

19-Oct-15  11:52:55 AM: Socket Error # 10054
Connection reset by peer.
---------------------------------------------

19-Oct-15  11:52:55 AM: Socket Error # 10054
Connection reset by peer.
---------------------------------------------

29/10/2015  11:44:35 a.m.: Socket Error # 10054
Connection reset by peer.
---------------------------------------------

29/10/2015  11:52:00 a.m.: Socket Error # 10054
Connection reset by peer.
---------------------------------------------

16/11/2015  2:46:05 PM: Socket Error # 10054
Connection reset by peer.
---------------------------------------------

16/11/2015  3:07:18 PM: Socket Error # 10054
Connection reset by peer.
---------------------------------------------

16/11/2015  3:07:29 PM: Socket Error # 10054
Connection reset by peer.
---------------------------------------------

16/11/2015  3:11:57 PM: Socket Error # 10054
Connection reset by peer.
---------------------------------------------

16/11/2015  3:19:25 PM: Socket Error # 10054
Connection reset by peer.
---------------------------------------------

16/11/2015  3:19:27 PM: Socket Error # 10054
Connection reset by peer.
---------------------------------------------

19/11/2015  11:07:39 AM: Disconnected.
---------------------------------------------

19/11/2015  11:17:20 AM: Disconnected.
---------------------------------------------
